\BOOKMARK [1][-]{section.1}{\376\377\000I\000n\000t\000r\000o\000d\000u\000c\000t\000i\000o\000n}{}% 1
\BOOKMARK [1][-]{section.2}{\376\377\000R\000e\000l\000a\000t\000e\000d\000\040\000W\000o\000r\000k\000s}{}% 2
\BOOKMARK [2][-]{subsection.2.1}{\376\377\000R\000e\000s\000e\000a\000r\000c\000h\000\040\000G\000a\000p\000s}{section.2}% 3
\BOOKMARK [2][-]{subsection.2.2}{\376\377\000O\000u\000r\000\040\000C\000o\000n\000t\000r\000i\000b\000u\000t\000i\000o\000n}{section.2}% 4
\BOOKMARK [1][-]{section.3}{\376\377\000B\000a\000c\000k\000g\000r\000o\000u\000n\000d}{}% 5
\BOOKMARK [2][-]{subsection.3.1}{\376\377\000C\000r\000y\000p\000t\000o\000g\000r\000a\000p\000h\000i\000c\000\040\000T\000o\000o\000l\000s\000\040\000i\000n\000\040\000L\000i\000t\000e\000r\000a\000t\000u\000r\000e}{section.3}% 6
\BOOKMARK [3][-]{subsubsection.3.1.1}{\376\377\000T\000h\000r\000e\000s\000h\000o\000l\000d\000\040\000S\000y\000s\000t\000e\000m\000s}{subsection.3.1}% 7
\BOOKMARK [3][-]{subsubsection.3.1.2}{\376\377\000M\000i\000x\000-\000N\000e\000t\000s}{subsection.3.1}% 8
\BOOKMARK [3][-]{subsubsection.3.1.3}{\376\377\000B\000l\000i\000n\000d\000\040\000S\000i\000g\000n\000a\000t\000u\000r\000e\000s}{subsection.3.1}% 9
\BOOKMARK [3][-]{subsubsection.3.1.4}{\376\377\000C\000r\000y\000p\000t\000o\000g\000r\000a\000p\000h\000i\000c\000\040\000P\000r\000o\000o\000f\000s}{subsection.3.1}% 10
\BOOKMARK [3][-]{subsubsection.3.1.5}{\376\377\000A\000d\000d\000i\000t\000i\000o\000n\000a\000l\000\040\000T\000o\000o\000l\000s\000:\000\040\000P\000u\000b\000l\000i\000c\000\040\000B\000u\000l\000l\000e\000t\000i\000n\000\040\000B\000o\000a\000r\000d\000\040\000a\000n\000d\000\040\000A\000n\000o\000n\000y\000m\000o\000u\000s\000\040\000C\000o\000m\000m\000u\000n\000i\000c\000a\000t\000i\000o\000n\000\040\000C\000h\000a\000n\000n\000e\000l}{subsection.3.1}% 11
\BOOKMARK [2][-]{subsection.3.2}{\376\377\000B\000l\000o\000c\000k\000c\000h\000a\000i\000n\000\040\000B\000a\000c\000k\000g\000r\000o\000u\000n\000d}{section.3}% 12
\BOOKMARK [3][-]{subsubsection.3.2.1}{\376\377\000B\000l\000o\000c\000k\000c\000h\000a\000i\000n\000\040\000M\000e\000c\000h\000a\000n\000i\000c\000s\000\040\000a\000n\000d\000\040\000C\000o\000n\000s\000e\000n\000s\000u\000s\000\040\000P\000r\000o\000t\000o\000c\000o\000l}{subsection.3.2}% 13
\BOOKMARK [3][-]{subsubsection.3.2.2}{\376\377\000B\000l\000o\000c\000k\000c\000h\000a\000i\000n\000\040\000P\000r\000o\000p\000e\000r\000t\000i\000e\000s}{subsection.3.2}% 14
\BOOKMARK [1][-]{section.4}{\376\377\000L\000i\000t\000e\000r\000a\000t\000u\000r\000e\000\040\000A\000n\000a\000l\000y\000s\000i\000s}{}% 15
\BOOKMARK [2][-]{subsection.4.1}{\376\377\000R\000e\000s\000e\000a\000r\000c\000h\000\040\000Q\000u\000e\000s\000t\000i\000o\000n\000s}{section.4}% 16
\BOOKMARK [3][-]{subsubsection.4.1.1}{\376\377\000G\000e\000n\000e\000r\000a\000l\000\040\000R\000e\000s\000e\000a\000r\000c\000h\000\040\000Q\000u\000e\000s\000t\000i\000o\000n\000s}{subsection.4.1}% 17
\BOOKMARK [3][-]{subsubsection.4.1.2}{\376\377\000D\000e\000c\000e\000n\000t\000r\000a\000l\000i\000z\000e\000d\000\040\000P\000r\000o\000p\000o\000s\000a\000l\000s\000-\000s\000p\000e\000c\000i\000f\000i\000c\000\040\000R\000e\000s\000e\000a\000r\000c\000h\000\040\000Q\000u\000e\000s\000t\000i\000o\000n\000s}{subsection.4.1}% 18
\BOOKMARK [2][-]{subsection.4.2}{\376\377\000C\000e\000n\000t\000r\000a\000l\000i\000s\000e\000d\000\040\000e\000-\000V\000o\000t\000i\000n\000g\000\040\000S\000y\000s\000t\000e\000m\000s}{section.4}% 19
\BOOKMARK [3][-]{subsubsection.4.2.1}{\376\377\000I\000n\000t\000r\000o\000d\000u\000c\000t\000i\000o\000n}{subsection.4.2}% 20
\BOOKMARK [3][-]{subsubsection.4.2.2}{\376\377\000C\000l\000a\000s\000s\000i\000f\000i\000c\000a\000t\000i\000o\000n\000\040\000C\000r\000i\000t\000e\000r\000i\000a\000\040\000f\000o\000r\000\040\000e\000-\000V\000o\000t\000i\000n\000g\000\040\000S\000y\000s\000t\000e\000m\000s}{subsection.4.2}% 21
\BOOKMARK [3][-]{subsubsection.4.2.3}{\376\377\000S\000e\000a\000r\000c\000h\000\040\000P\000r\000o\000c\000e\000s\000s}{subsection.4.2}% 22
\BOOKMARK [3][-]{subsubsection.4.2.4}{\376\377\000C\000r\000i\000t\000e\000r\000i\000a\000\040\000f\000o\000r\000\040\000I\000n\000c\000l\000u\000s\000i\000o\000n\000\040\000a\000n\000d\000\040\000E\000x\000c\000l\000u\000s\000i\000o\000n\000\040\000o\000f\000\040\000A\000r\000t\000i\000c\000l\000e\000s}{subsection.4.2}% 23
\BOOKMARK [3][-]{subsubsection.4.2.5}{\376\377\000C\000r\000y\000p\000t\000o\000g\000r\000a\000p\000h\000i\000c\000\040\000T\000o\000o\000l\000s\000\040\000i\000n\000\040\000e\000-\000V\000o\000t\000i\000n\000g\000\040\000S\000y\000s\000t\000e\000m\000s\000\040\000u\000n\000d\000e\000r\000\040\000a\000\040\000C\000e\000n\000t\000r\000a\000l\000i\000s\000e\000d\000\040\000M\000o\000d\000e\000l}{subsection.4.2}% 24
\BOOKMARK [3][-]{subsubsection.4.2.6}{\376\377\000A\000n\000a\000l\000y\000s\000i\000s\000\040\000o\000f\000\040\000R\000e\000s\000u\000l\000t\000s}{subsection.4.2}% 25
\BOOKMARK [3][-]{subsubsection.4.2.7}{\376\377\000R\000e\000a\000l\000-\000W\000o\000r\000l\000d\000\040\000I\000m\000p\000l\000e\000m\000e\000n\000t\000a\000t\000i\000o\000n\000s\000\040\000o\000f\000\040\000C\000e\000n\000t\000r\000a\000l\000i\000s\000e\000d\000\040\000e\000-\000V\000o\000t\000i\000n\000g\000\040\000S\000y\000s\000t\000e\000m\000s}{subsection.4.2}% 26
\BOOKMARK [3][-]{subsubsection.4.2.8}{\376\377\000C\000o\000n\000c\000l\000u\000s\000i\000o\000n}{subsection.4.2}% 27
\BOOKMARK [2][-]{subsection.4.3}{\376\377\000D\000e\000c\000e\000n\000t\000r\000a\000l\000i\000s\000e\000d\000\040\000e\000-\000V\000o\000t\000i\000n\000g\000\040\000S\000y\000s\000t\000e\000m\000s}{section.4}% 28
\BOOKMARK [3][-]{subsubsection.4.3.1}{\376\377\000I\000n\000t\000r\000o\000d\000u\000c\000t\000i\000o\000n}{subsection.4.3}% 29
\BOOKMARK [3][-]{subsubsection.4.3.2}{\376\377\000S\000e\000a\000r\000c\000h\000\040\000P\000r\000o\000c\000e\000s\000s}{subsection.4.3}% 30
\BOOKMARK [3][-]{subsubsection.4.3.3}{\376\377\000C\000r\000i\000t\000e\000r\000i\000a\000\040\000f\000o\000r\000\040\000I\000n\000c\000l\000u\000s\000i\000o\000n\000\040\000a\000n\000d\000\040\000E\000x\000c\000l\000u\000s\000i\000o\000n\000\040\000o\000f\000\040\000A\000r\000t\000i\000c\000l\000e\000s}{subsection.4.3}% 31
\BOOKMARK [3][-]{subsubsection.4.3.4}{\376\377\000D\000a\000t\000a\000\040\000E\000x\000t\000r\000a\000c\000t\000i\000o\000n\000\040\000a\000n\000d\000\040\000M\000a\000p\000p\000i\000n\000g\000\040\000P\000r\000o\000c\000e\000s\000s}{subsection.4.3}% 32
\BOOKMARK [3][-]{subsubsection.4.3.5}{\376\377\000C\000l\000a\000s\000s\000i\000f\000i\000c\000a\000t\000i\000o\000n\000\040\000c\000r\000i\000t\000e\000r\000i\000a\000\040\000a\000n\000d\000\040\000S\000y\000s\000t\000e\000m\000a\000t\000i\000c\000\040\000M\000a\000p\000s}{subsection.4.3}% 33
\BOOKMARK [3][-]{subsubsection.4.3.6}{\376\377\000A\000n\000a\000l\000y\000s\000i\000s\000\040\000o\000f\000\040\000R\000e\000s\000u\000l\000t\000s}{subsection.4.3}% 34
\BOOKMARK [3][-]{subsubsection.4.3.7}{\376\377\000R\000e\000a\000l\000-\000W\000o\000r\000l\000d\000\040\000I\000m\000p\000l\000e\000m\000e\000n\000t\000a\000t\000i\000o\000n\000s\000\040\000o\000f\000\040\000B\000l\000o\000c\000k\000c\000h\000a\000i\000n\000-\000B\000a\000s\000e\000d\000\040\000e\000-\000V\000o\000t\000i\000n\000g\000\040\000S\000y\000s\000t\000e\000m\000s}{subsection.4.3}% 35
\BOOKMARK [3][-]{subsubsection.4.3.8}{\376\377\000C\000o\000n\000c\000l\000u\000s\000i\000o\000n}{subsection.4.3}% 36
\BOOKMARK [1][-]{section.5}{\376\377\000C\000o\000n\000c\000l\000u\000s\000i\000o\000n\000s}{}% 37
\BOOKMARK [1][-]{section.6}{\376\377\000R\000e\000f\000e\000r\000e\000n\000c\000e\000s}{}% 38
\BOOKMARK [2][-]{section*.15}{\376\377\000R\000i\000c\000a\000r\000d\000o\000\040\000L\000o\000p\000e\000s\000\040\000A\000l\000m\000e\000i\000d\000a}{section.6}% 39
\BOOKMARK [2][-]{section*.15}{\376\377\000F\000a\000b\000r\000i\000z\000i\000o\000\040\000B\000a\000i\000a\000r\000d\000i}{section.6}% 40
\BOOKMARK [2][-]{section*.15}{\376\377\000D\000a\000m\000i\000a\000n\000o\000\040\000D\000i\000\040\000F\000r\000a\000n\000c\000e\000s\000c\000o\000\040\000M\000a\000e\000s\000a}{section.6}% 41
\BOOKMARK [2][-]{section*.15}{\376\377\000L\000a\000u\000r\000a\000\040\000R\000i\000c\000c\000i}{section.6}% 42
